{"/Users/s2201202/bc_learn/wolf/back-end/src/config/calculator.ts": {"path":"/Users/s2201202/bc_learn/wolf/back-end/src/config/calculator.ts","statementMap":{"0":{"start":{"line":2,"column":0},"end":{"line":2,"column":null}},"1":{"start":{"line":12,"column":36},"end":{"line":41,"column":1}},"2":{"start":{"line":13,"column":12},"end":{"line":13,"column":13}},"3":{"start":{"line":15,"column":2},"end":{"line":17,"column":null}},"4":{"start":{"line":16,"column":4},"end":{"line":16,"column":15}},"5":{"start":{"line":19,"column":2},"end":{"line":21,"column":null}},"6":{"start":{"line":20,"column":6},"end":{"line":20,"column":45}},"7":{"start":{"line":22,"column":4},"end":{"line":22,"column":null}},"8":{"start":{"line":24,"column":2},"end":{"line":27,"column":null}},"9":{"start":{"line":26,"column":4},"end":{"line":26,"column":24}},"10":{"start":{"line":28,"column":26},"end":{"line":28,"column":82}},"11":{"start":{"line":29,"column":2},"end":{"line":29,"column":40}},"12":{"start":{"line":31,"column":2},"end":{"line":33,"column":null}},"13":{"start":{"line":32,"column":4},"end":{"line":32,"column":72}},"14":{"start":{"line":35,"column":15},"end":{"line":35,"column":42}},"15":{"start":{"line":36,"column":2},"end":{"line":38,"column":null}},"16":{"start":{"line":37,"column":4},"end":{"line":37,"column":15}},"17":{"start":{"line":40,"column":2},"end":{"line":40,"column":37}},"18":{"start":{"line":12,"column":13},"end":{"line":12,"column":36}}},"fnMap":{"0":{"name":"(anonymous_0)","decl":{"start":{"line":12,"column":36},"end":{"line":12,"column":37}},"loc":{"start":{"line":12,"column":66},"end":{"line":41,"column":1}}}},"branchMap":{"0":{"loc":{"start":{"line":15,"column":2},"end":{"line":17,"column":null}},"type":"if","locations":[{"start":{"line":15,"column":2},"end":{"line":17,"column":null}}]},"1":{"loc":{"start":{"line":19,"column":2},"end":{"line":21,"column":null}},"type":"if","locations":[{"start":{"line":19,"column":2},"end":{"line":21,"column":null}}]},"2":{"loc":{"start":{"line":24,"column":2},"end":{"line":27,"column":null}},"type":"if","locations":[{"start":{"line":24,"column":2},"end":{"line":27,"column":null}}]},"3":{"loc":{"start":{"line":31,"column":2},"end":{"line":33,"column":null}},"type":"if","locations":[{"start":{"line":31,"column":2},"end":{"line":33,"column":null}}]},"4":{"loc":{"start":{"line":36,"column":2},"end":{"line":38,"column":null}},"type":"if","locations":[{"start":{"line":36,"column":2},"end":{"line":38,"column":null}}]},"5":{"loc":{"start":{"line":36,"column":6},"end":{"line":36,"column":57}},"type":"binary-expr","locations":[{"start":{"line":36,"column":6},"end":{"line":36,"column":30}},{"start":{"line":36,"column":34},"end":{"line":36,"column":57}}]}},"s":{"0":1,"1":1,"2":4,"3":4,"4":2,"5":2,"6":1,"7":2,"8":2,"9":2,"10":2,"11":2,"12":2,"13":0,"14":2,"15":2,"16":0,"17":2,"18":1},"f":{"0":4},"b":{"0":[2],"1":[1],"2":[2],"3":[0],"4":[0],"5":[2,0]}}
,"/Users/s2201202/bc_learn/wolf/back-end/src/util/cost.ts": {"path":"/Users/s2201202/bc_learn/wolf/back-end/src/util/cost.ts","statementMap":{"0":{"start":{"line":1,"column":13},"end":{"line":1,"column":33}},"1":{"start":{"line":2,"column":13},"end":{"line":2,"column":35}},"2":{"start":{"line":3,"column":13},"end":{"line":3,"column":36}},"3":{"start":{"line":5,"column":13},"end":{"line":5,"column":32}},"4":{"start":{"line":6,"column":13},"end":{"line":6,"column":41}},"5":{"start":{"line":8,"column":13},"end":{"line":8,"column":34}},"6":{"start":{"line":9,"column":13},"end":{"line":9,"column":37}}},"fnMap":{},"branchMap":{},"s":{"0":1,"1":1,"2":1,"3":1,"4":1,"5":1,"6":1},"f":{},"b":{}}
}
